{
  "stats": {
    "suites": 5,
    "tests": 7,
    "passes": 3,
    "pending": 3,
    "failures": 1,
    "testsRegistered": 7,
    "passPercent": 42.857142857142854,
    "pendingPercent": 42.857142857142854,
    "other": 0,
    "hasOther": false,
    "skipped": 0,
    "hasSkipped": false,
    "start": "2023-06-18T11:49:30.396Z",
    "end": "2023-06-18T11:50:11.473Z",
    "duration": 41077
  },
  "results": [
    {
      "uuid": "7b6962dd-c176-406c-8566-b2b16b22979f",
      "title": "",
      "fullFile": "cypress\\e2e\\buy-helper-test.cy.js",
      "file": "cypress\\e2e\\buy-helper-test.cy.js",
      "beforeHooks": [],
      "afterHooks": [],
      "tests": [
        {
          "title": "Search product test",
          "fullTitle": "Search product test",
          "timedOut": null,
          "duration": 0,
          "state": "pending",
          "speed": null,
          "pass": false,
          "fail": false,
          "pending": true,
          "context": null,
          "code": "(0, _buyProduct.buyProduct)(`Nail Lacq45uer`);",
          "err": {},
          "uuid": "2964487f-b680-4970-9572-8444be57982f",
          "parentUUID": "7b6962dd-c176-406c-8566-b2b16b22979f",
          "isHook": false,
          "skipped": false
        }
      ],
      "suites": [],
      "passes": [],
      "failures": [],
      "pending": [
        "2964487f-b680-4970-9572-8444be57982f"
      ],
      "skipped": [],
      "duration": 0,
      "root": true,
      "rootEmpty": false,
      "_timeout": 2000
    },
    {
      "uuid": "9f1eedfc-9791-4fe9-8bed-559cbf40b850",
      "title": "",
      "fullFile": "cypress\\e2e\\order.cy.js",
      "file": "cypress\\e2e\\order.cy.js",
      "beforeHooks": [],
      "afterHooks": [],
      "tests": [
        {
          "title": "Order",
          "fullTitle": "Order",
          "timedOut": null,
          "duration": 7667,
          "state": "passed",
          "speed": "medium",
          "pass": true,
          "fail": false,
          "pending": false,
          "context": null,
          "code": "(0, _login.login)(_user.default);\ncy.get('#filter_keyword').type('i').closest(\"form\").submit();\n(0, _buyProduct.buyProduct)('Benefit Bella Bamba');\ncy.get('.productpagecart').click();\ncy.get('#cart_checkout1').click();\ncy.get('#checkout_btn').click();\ncy.get('.contentpanel').should('contain', \"Thank you for shopping with us!\");",
          "err": {},
          "uuid": "d1210679-c51d-423a-b02c-c5b85e66ce1b",
          "parentUUID": "9f1eedfc-9791-4fe9-8bed-559cbf40b850",
          "isHook": false,
          "skipped": false
        }
      ],
      "suites": [],
      "passes": [
        "d1210679-c51d-423a-b02c-c5b85e66ce1b"
      ],
      "failures": [],
      "pending": [],
      "skipped": [],
      "duration": 7667,
      "root": true,
      "rootEmpty": false,
      "_timeout": 2000
    },
    {
      "uuid": "be7b38e7-d710-4e4e-b87a-5e6ac8ee9569",
      "title": "",
      "fullFile": "cypress\\e2e\\registration-authorization.cy.js",
      "file": "cypress\\e2e\\registration-authorization.cy.js",
      "beforeHooks": [],
      "afterHooks": [],
      "tests": [],
      "suites": [
        {
          "uuid": "c56045c3-bcfa-42d1-8b50-f522c8b663b5",
          "title": "Registration and authorization tests",
          "fullFile": "",
          "file": "",
          "beforeHooks": [],
          "afterHooks": [],
          "tests": [
            {
              "title": "Registration",
              "fullTitle": "Registration and authorization tests Registration",
              "timedOut": null,
              "duration": 0,
              "state": "pending",
              "speed": null,
              "pass": false,
              "fail": false,
              "pending": true,
              "context": null,
              "code": "cy.get(`[title=\"Continue\"]`).click();\ncy.get(`#AccountFrm_firstname`).type(`${firstName}`).should(`contain.value`, `${firstName}`);\ncy.get(`#AccountFrm_lastname`).type(`${lastName}`).should(`contain.value`, `${lastName}`);\ncy.get(`#AccountFrm_email`).type(`${email}`).should(`contain.value`, `${email}`);\ncy.get(`#AccountFrm_telephone`).type(`${phone}`).should(`contain.value`, `${phone}`);\ncy.get(`#AccountFrm_address_1`).type(`${adress1}`).should(`contain.value`, `${adress1}`);\ncy.get(`#AccountFrm_city`).type(`${city}`).should(`contain.value`, `${city}`);\ncy.get(`#AccountFrm_country_id`).select(`${countryId}`).should(`contain.text`, `Ukraine`);\ncy.get(`#AccountFrm_zone_id`).select(`${regionId}`).should(`contain.text`, `Kyiv`);\ncy.get(`#AccountFrm_postcode`).type(`${postCode}`).should(`contain.value`, `${postCode}`);\ncy.get(`#AccountFrm_loginname`).type(`${login}`).should(`contain.value`, `${login}`);\ncy.get(`#AccountFrm_password`).type(`${password}`).should(`contain.value`, `${password}`);\ncy.get(`#AccountFrm_confirm`).type(`${password}`).should(`contain.value`, `${password}`);\ncy.get(`#AccountFrm_newsletter0`).check().should(`be.checked`);\ncy.get(`#AccountFrm_agree`).check().should(`be.checked`);\ncy.get(`.btn.btn-orange.pull-right.lock-on-click`).click();\ncy.get(`.maintext`).should(`contain.text`, ` Your Account Has Been Created!`);\ncy.get(`.btn.btn-default.mr10`).click();\ncy.get(`.maintext`).should(`contain.text`, ` My Account`);",
              "err": {},
              "uuid": "b2093383-8165-4d53-a859-304286d6aef1",
              "parentUUID": "c56045c3-bcfa-42d1-8b50-f522c8b663b5",
              "isHook": false,
              "skipped": false
            },
            {
              "title": "Authorization",
              "fullTitle": "Registration and authorization tests Authorization",
              "timedOut": null,
              "duration": 0,
              "state": "pending",
              "speed": null,
              "pass": false,
              "fail": false,
              "pending": true,
              "context": null,
              "code": "cy.get(`#loginFrm_loginname`).type(_user.default.username);\ncy.get(`#loginFrm_password`).type(_user.default.password);\ncy.get(`[title=\"Login\"]`).click();\ncy.get(`.maintext`).should(`contain.text`, ` My Account`);",
              "err": {},
              "uuid": "4da80460-a6be-4af8-9915-1c867ee0b576",
              "parentUUID": "c56045c3-bcfa-42d1-8b50-f522c8b663b5",
              "isHook": false,
              "skipped": false
            }
          ],
          "suites": [],
          "passes": [],
          "failures": [],
          "pending": [
            "b2093383-8165-4d53-a859-304286d6aef1",
            "4da80460-a6be-4af8-9915-1c867ee0b576"
          ],
          "skipped": [],
          "duration": 0,
          "root": false,
          "rootEmpty": false,
          "_timeout": 2000
        }
      ],
      "passes": [],
      "failures": [],
      "pending": [],
      "skipped": [],
      "duration": 0,
      "root": true,
      "rootEmpty": true,
      "_timeout": 2000
    },
    {
      "uuid": "9693b4ad-cde5-43b4-9e30-74f24471c4d1",
      "title": "",
      "fullFile": "cypress\\e2e\\registration.cy.js",
      "file": "cypress\\e2e\\registration.cy.js",
      "beforeHooks": [],
      "afterHooks": [],
      "tests": [
        {
          "title": "Registration",
          "fullTitle": "Registration",
          "timedOut": null,
          "duration": 9747,
          "state": "passed",
          "speed": "medium",
          "pass": true,
          "fail": false,
          "pending": false,
          "context": null,
          "code": "cy.visit('/');\ncy.get('.topnavbar [data-id=\"menu_account\"]').click();\ncy.get('#accountFrm button').click();\ncy.get('#AccountFrm_firstname').type(_user.default.firstName);\ncy.get('#AccountFrm_lastname').type(_user.default.lastName);\ncy.get('#AccountFrm_email').type(_user.default.email);\ncy.get('#AccountFrm_address_1').type(_user.default.address);\ncy.get('#AccountFrm_city').type(_user.default.city);\ncy.get('#AccountFrm_postcode').type(_user.default.postCode);\ncy.get('#AccountFrm_country_id').select(_user.default.countryId);\ncy.get('#AccountFrm_loginname').type(_user.default.username);\ncy.get('#AccountFrm_password').type(_user.default.password);\ncy.get('#AccountFrm_confirm').type(_user.default.password);\ncy.get('#AccountFrm_zone_id').select(_user.default.zone);\ncy.get('#AccountFrm_newsletter0').check();\ncy.get('#AccountFrm_agree').check();\ncy.get('button[title=\"Continue\"]').click();\ncy.get('#maincontainer').contains(_user.default.firstName).should('exist');\ncy.clearAllCookies();\n(0, _login.login)(_user.default);",
          "err": {},
          "uuid": "02af4ce2-0f54-4e50-a829-3a859f4f6dd3",
          "parentUUID": "9693b4ad-cde5-43b4-9e30-74f24471c4d1",
          "isHook": false,
          "skipped": false
        },
        {
          "title": "Authorization",
          "fullTitle": "Authorization",
          "timedOut": null,
          "duration": 1284,
          "state": "passed",
          "speed": "fast",
          "pass": true,
          "fail": false,
          "pending": false,
          "context": null,
          "code": "cy.log('Open website login page');\ncy.visit('/index.php?rt=account/login');\ncy.log('Check user is unauthorized');\ncy.getCookie('customer').should('be.null');\ncy.log('Authorize user');\ncy.get('#loginFrm_loginname').type(_user.default.username);\ncy.get('#loginFrm_password').type(_user.default.password);\ncy.get('button[type=\"submit\"]').contains('Login').click();",
          "err": {},
          "uuid": "d6393607-c0cc-4b04-ac81-9163457f54b9",
          "parentUUID": "9693b4ad-cde5-43b4-9e30-74f24471c4d1",
          "isHook": false,
          "skipped": false
        }
      ],
      "suites": [],
      "passes": [
        "02af4ce2-0f54-4e50-a829-3a859f4f6dd3",
        "d6393607-c0cc-4b04-ac81-9163457f54b9"
      ],
      "failures": [],
      "pending": [],
      "skipped": [],
      "duration": 11031,
      "root": true,
      "rootEmpty": false,
      "_timeout": 2000
    },
    {
      "uuid": "91aa88b3-746d-41af-80a2-9c06c2b082fa",
      "title": "",
      "fullFile": "cypress\\e2e\\authorization.cy.js",
      "file": "cypress\\e2e\\authorization.cy.js",
      "beforeHooks": [],
      "afterHooks": [],
      "tests": [
        {
          "title": "Authorization",
          "fullTitle": "Authorization",
          "timedOut": null,
          "duration": 5954,
          "state": "failed",
          "speed": null,
          "pass": false,
          "fail": true,
          "pending": false,
          "context": null,
          "code": "_HomePage.default.visit();\n_HomePage.default.getLoginOrRegisterButton().click();\n_LoginPage.default.submitLoginForm(_user.default.username, _user.default.password);",
          "err": {
            "message": "AssertionError: Timed out retrying after 4000ms: Expected to find element: `#loginFrm_loginname111`, but never found it.",
            "estack": "AssertionError: Timed out retrying after 4000ms: Expected to find element: `#loginFrm_loginname111`, but never found it.\n    at LoginPage.getLoginField (webpack:///./cypress/support/pages/LoginPage.js:8:18)\n    at LoginPage.submitLoginForm (webpack:///./cypress/support/pages/LoginPage.js:22:13)\n    at Context.eval (webpack:///./cypress/e2e/authorization.cy.js:8:12)",
            "diff": null
          },
          "uuid": "e967b3d6-b5f0-4af3-9d35-100117525e51",
          "parentUUID": "91aa88b3-746d-41af-80a2-9c06c2b082fa",
          "isHook": false,
          "skipped": false
        }
      ],
      "suites": [],
      "passes": [],
      "failures": [
        "e967b3d6-b5f0-4af3-9d35-100117525e51"
      ],
      "pending": [],
      "skipped": [],
      "duration": 5954,
      "root": true,
      "rootEmpty": false,
      "_timeout": 2000
    }
  ],
  "meta": {
    "mocha": {
      "version": "7.0.1"
    },
    "mochawesome": {
      "options": {
        "quiet": false,
        "reportFilename": "mochawesome",
        "saveHtml": false,
        "saveJson": true,
        "consoleReporter": "spec",
        "useInlineDiffs": false,
        "code": true
      },
      "version": "7.1.3"
    },
    "marge": {
      "options": {
        "reportDir": "cypress/results",
        "overwrite": false,
        "html": false,
        "json": true
      },
      "version": "6.2.0"
    }
  }
}