{
  "stats": {
    "suites": 0,
    "tests": 1,
    "passes": 0,
    "pending": 0,
    "failures": 1,
    "start": "2023-06-18T11:49:30.396Z",
    "end": "2023-06-18T11:49:36.390Z",
    "duration": 5994,
    "testsRegistered": 1,
    "passPercent": 0,
    "pendingPercent": 0,
    "other": 0,
    "hasOther": false,
    "skipped": 0,
    "hasSkipped": false
  },
  "results": [
    {
      "uuid": "91aa88b3-746d-41af-80a2-9c06c2b082fa",
      "title": "",
      "fullFile": "cypress\\e2e\\authorization.cy.js",
      "file": "cypress\\e2e\\authorization.cy.js",
      "beforeHooks": [],
      "afterHooks": [],
      "tests": [
        {
          "title": "Authorization",
          "fullTitle": "Authorization",
          "timedOut": null,
          "duration": 5954,
          "state": "failed",
          "speed": null,
          "pass": false,
          "fail": true,
          "pending": false,
          "context": null,
          "code": "_HomePage.default.visit();\n_HomePage.default.getLoginOrRegisterButton().click();\n_LoginPage.default.submitLoginForm(_user.default.username, _user.default.password);",
          "err": {
            "message": "AssertionError: Timed out retrying after 4000ms: Expected to find element: `#loginFrm_loginname111`, but never found it.",
            "estack": "AssertionError: Timed out retrying after 4000ms: Expected to find element: `#loginFrm_loginname111`, but never found it.\n    at LoginPage.getLoginField (webpack:///./cypress/support/pages/LoginPage.js:8:18)\n    at LoginPage.submitLoginForm (webpack:///./cypress/support/pages/LoginPage.js:22:13)\n    at Context.eval (webpack:///./cypress/e2e/authorization.cy.js:8:12)",
            "diff": null
          },
          "uuid": "e967b3d6-b5f0-4af3-9d35-100117525e51",
          "parentUUID": "91aa88b3-746d-41af-80a2-9c06c2b082fa",
          "isHook": false,
          "skipped": false
        }
      ],
      "suites": [],
      "passes": [],
      "failures": [
        "e967b3d6-b5f0-4af3-9d35-100117525e51"
      ],
      "pending": [],
      "skipped": [],
      "duration": 5954,
      "root": true,
      "rootEmpty": false,
      "_timeout": 2000
    }
  ],
  "meta": {
    "mocha": {
      "version": "7.0.1"
    },
    "mochawesome": {
      "options": {
        "quiet": false,
        "reportFilename": "mochawesome",
        "saveHtml": false,
        "saveJson": true,
        "consoleReporter": "spec",
        "useInlineDiffs": false,
        "code": true
      },
      "version": "7.1.3"
    },
    "marge": {
      "options": {
        "reportDir": "cypress/results",
        "overwrite": false,
        "html": false,
        "json": true
      },
      "version": "6.2.0"
    }
  }
}