{
  "stats": {
    "suites": 1,
    "tests": 1,
    "passes": 0,
    "pending": 2,
    "failures": -1,
    "start": "2023-06-18T11:49:54.085Z",
    "end": "2023-06-18T11:49:54.098Z",
    "duration": 13,
    "testsRegistered": 2,
    "passPercent": null,
    "pendingPercent": 100,
    "other": 1,
    "hasOther": true,
    "skipped": 0,
    "hasSkipped": false
  },
  "results": [
    {
      "uuid": "be7b38e7-d710-4e4e-b87a-5e6ac8ee9569",
      "title": "",
      "fullFile": "cypress\\e2e\\registration-authorization.cy.js",
      "file": "cypress\\e2e\\registration-authorization.cy.js",
      "beforeHooks": [],
      "afterHooks": [],
      "tests": [],
      "suites": [
        {
          "uuid": "c56045c3-bcfa-42d1-8b50-f522c8b663b5",
          "title": "Registration and authorization tests",
          "fullFile": "",
          "file": "",
          "beforeHooks": [],
          "afterHooks": [],
          "tests": [
            {
              "title": "Registration",
              "fullTitle": "Registration and authorization tests Registration",
              "timedOut": null,
              "duration": 0,
              "state": "pending",
              "speed": null,
              "pass": false,
              "fail": false,
              "pending": true,
              "context": null,
              "code": "cy.get(`[title=\"Continue\"]`).click();\ncy.get(`#AccountFrm_firstname`).type(`${firstName}`).should(`contain.value`, `${firstName}`);\ncy.get(`#AccountFrm_lastname`).type(`${lastName}`).should(`contain.value`, `${lastName}`);\ncy.get(`#AccountFrm_email`).type(`${email}`).should(`contain.value`, `${email}`);\ncy.get(`#AccountFrm_telephone`).type(`${phone}`).should(`contain.value`, `${phone}`);\ncy.get(`#AccountFrm_address_1`).type(`${adress1}`).should(`contain.value`, `${adress1}`);\ncy.get(`#AccountFrm_city`).type(`${city}`).should(`contain.value`, `${city}`);\ncy.get(`#AccountFrm_country_id`).select(`${countryId}`).should(`contain.text`, `Ukraine`);\ncy.get(`#AccountFrm_zone_id`).select(`${regionId}`).should(`contain.text`, `Kyiv`);\ncy.get(`#AccountFrm_postcode`).type(`${postCode}`).should(`contain.value`, `${postCode}`);\ncy.get(`#AccountFrm_loginname`).type(`${login}`).should(`contain.value`, `${login}`);\ncy.get(`#AccountFrm_password`).type(`${password}`).should(`contain.value`, `${password}`);\ncy.get(`#AccountFrm_confirm`).type(`${password}`).should(`contain.value`, `${password}`);\ncy.get(`#AccountFrm_newsletter0`).check().should(`be.checked`);\ncy.get(`#AccountFrm_agree`).check().should(`be.checked`);\ncy.get(`.btn.btn-orange.pull-right.lock-on-click`).click();\ncy.get(`.maintext`).should(`contain.text`, ` Your Account Has Been Created!`);\ncy.get(`.btn.btn-default.mr10`).click();\ncy.get(`.maintext`).should(`contain.text`, ` My Account`);",
              "err": {},
              "uuid": "b2093383-8165-4d53-a859-304286d6aef1",
              "parentUUID": "c56045c3-bcfa-42d1-8b50-f522c8b663b5",
              "isHook": false,
              "skipped": false
            },
            {
              "title": "Authorization",
              "fullTitle": "Registration and authorization tests Authorization",
              "timedOut": null,
              "duration": 0,
              "state": "pending",
              "speed": null,
              "pass": false,
              "fail": false,
              "pending": true,
              "context": null,
              "code": "cy.get(`#loginFrm_loginname`).type(_user.default.username);\ncy.get(`#loginFrm_password`).type(_user.default.password);\ncy.get(`[title=\"Login\"]`).click();\ncy.get(`.maintext`).should(`contain.text`, ` My Account`);",
              "err": {},
              "uuid": "4da80460-a6be-4af8-9915-1c867ee0b576",
              "parentUUID": "c56045c3-bcfa-42d1-8b50-f522c8b663b5",
              "isHook": false,
              "skipped": false
            }
          ],
          "suites": [],
          "passes": [],
          "failures": [],
          "pending": [
            "b2093383-8165-4d53-a859-304286d6aef1",
            "4da80460-a6be-4af8-9915-1c867ee0b576"
          ],
          "skipped": [],
          "duration": 0,
          "root": false,
          "rootEmpty": false,
          "_timeout": 2000
        }
      ],
      "passes": [],
      "failures": [],
      "pending": [],
      "skipped": [],
      "duration": 0,
      "root": true,
      "rootEmpty": true,
      "_timeout": 2000
    }
  ],
  "meta": {
    "mocha": {
      "version": "7.0.1"
    },
    "mochawesome": {
      "options": {
        "quiet": false,
        "reportFilename": "mochawesome",
        "saveHtml": false,
        "saveJson": true,
        "consoleReporter": "spec",
        "useInlineDiffs": false,
        "code": true
      },
      "version": "7.1.3"
    },
    "marge": {
      "options": {
        "reportDir": "cypress/results",
        "overwrite": false,
        "html": false,
        "json": true
      },
      "version": "6.2.0"
    }
  }
}